2026-02-17 14:18:05,662 | INFO | heartbeat_producer | Starting Heartbeat Data Producer...
2026-02-17 14:18:05,665 | INFO | heartbeat_producer | Kafka Broker: kafka:9092
2026-02-17 14:18:05,668 | INFO | heartbeat_producer | Topic: heartbeats
2026-02-17 14:18:05,671 | INFO | heartbeat_producer | Simulating 25 patients
2026-02-17 14:18:05,697 | INFO | heartbeat_producer | Connected to Kafka successfully.
2026-02-17 14:18:06,883 | INFO | heartbeat_producer | Sent → patient_id=23 heart_rate=94 status=normal partition=0
2026-02-17 14:18:08,217 | INFO | heartbeat_producer | Sent → patient_id=7 heart_rate=60 status=normal partition=0
2026-02-17 14:18:09,294 | INFO | heartbeat_producer | Sent → patient_id=17 heart_rate=85 status=normal partition=0
2026-02-17 14:18:10,098 | INFO | heartbeat_producer | Sent → patient_id=15 heart_rate=93 status=normal partition=0
2026-02-17 14:18:10,686 | INFO | heartbeat_producer | Sent → patient_id=12 heart_rate=93 status=normal partition=0
2026-02-17 14:18:11,790 | INFO | heartbeat_producer | Sent → patient_id=23 heart_rate=60 status=normal partition=0
2026-02-17 14:18:12,381 | INFO | heartbeat_producer | Sent → patient_id=8 heart_rate=82 status=normal partition=0
2026-02-17 14:18:13,123 | INFO | heartbeat_producer | Sent → patient_id=11 heart_rate=70 status=normal partition=0
2026-02-17 14:18:13,724 | INFO | heartbeat_producer | Sent → patient_id=3 heart_rate=66 status=normal partition=0
2026-02-17 14:18:14,873 | INFO | heartbeat_producer | Sent → patient_id=12 heart_rate=85 status=normal partition=0
2026-02-17 14:18:16,167 | INFO | heartbeat_producer | Sent → patient_id=20 heart_rate=80 status=normal partition=0
2026-02-17 14:18:16,804 | INFO | heartbeat_producer | Sent → patient_id=10 heart_rate=64 status=normal partition=0
2026-02-17 14:18:17,717 | INFO | heartbeat_producer | Sent → patient_id=23 heart_rate=90 status=normal partition=0
2026-02-17 14:18:18,533 | INFO | heartbeat_producer | Sent → patient_id=25 heart_rate=93 status=normal partition=0
2026-02-17 14:18:19,538 | INFO | heartbeat_producer | Sent → patient_id=6 heart_rate=89 status=normal partition=0
2026-02-17 14:18:20,444 | INFO | heartbeat_producer | Sent → patient_id=11 heart_rate=61 status=normal partition=0
2026-02-17 14:18:21,359 | INFO | heartbeat_producer | Sent → patient_id=23 heart_rate=91 status=normal partition=0
2026-02-17 14:18:22,178 | INFO | heartbeat_producer | Sent → patient_id=10 heart_rate=93 status=normal partition=0
2026-02-17 14:18:23,665 | INFO | heartbeat_producer | Sent → patient_id=22 heart_rate=70 status=normal partition=0
2026-02-17 14:18:25,045 | INFO | heartbeat_producer | Sent → patient_id=2 heart_rate=65 status=normal partition=0
2026-02-17 14:18:26,521 | INFO | heartbeat_producer | Sent → patient_id=18 heart_rate=72 status=normal partition=0
2026-02-17 14:18:27,111 | INFO | heartbeat_producer | Sent → patient_id=10 heart_rate=79 status=normal partition=0
2026-02-17 14:18:28,286 | INFO | heartbeat_producer | Sent → patient_id=2 heart_rate=85 status=normal partition=0
2026-02-17 14:18:28,878 | INFO | heartbeat_producer | Sent → patient_id=24 heart_rate=62 status=normal partition=0
2026-02-17 14:18:29,556 | INFO | heartbeat_producer | Sent → patient_id=25 heart_rate=68 status=normal partition=0
2026-02-17 14:18:30,618 | INFO | heartbeat_producer | Sent → patient_id=18 heart_rate=85 status=normal partition=0
2026-02-17 14:18:31,613 | INFO | heartbeat_producer | Sent → patient_id=23 heart_rate=77 status=normal partition=0
2026-02-17 14:18:32,802 | INFO | heartbeat_producer | Sent → patient_id=12 heart_rate=90 status=normal partition=0
2026-02-17 14:18:33,893 | INFO | heartbeat_producer | Sent → patient_id=1 heart_rate=90 status=normal partition=0
2026-02-17 14:18:34,457 | INFO | heartbeat_producer | Sent → patient_id=14 heart_rate=63 status=normal partition=0
2026-02-17 14:18:35,969 | INFO | heartbeat_producer | Sent → patient_id=14 heart_rate=94 status=normal partition=0
2026-02-17 14:18:36,641 | INFO | heartbeat_producer | Sent → patient_id=11 heart_rate=99 status=normal partition=0
2026-02-17 14:18:37,687 | INFO | heartbeat_producer | Sent → patient_id=20 heart_rate=62 status=normal partition=0
2026-02-17 14:18:38,242 | INFO | heartbeat_producer | Sent → patient_id=7 heart_rate=95 status=normal partition=0
2026-02-17 14:18:39,125 | INFO | heartbeat_producer | Sent → patient_id=7 heart_rate=82 status=normal partition=0
2026-02-17 14:18:40,052 | INFO | heartbeat_producer | Sent → patient_id=4 heart_rate=158 status=tachycardia partition=0
2026-02-17 14:18:41,164 | INFO | heartbeat_producer | Sent → patient_id=16 heart_rate=95 status=normal partition=0
2026-02-17 14:18:42,531 | INFO | heartbeat_producer | Sent → patient_id=17 heart_rate=66 status=normal partition=0
2026-02-17 14:18:43,079 | INFO | heartbeat_producer | Sent → patient_id=4 heart_rate=76 status=normal partition=0
2026-02-17 14:18:44,202 | INFO | heartbeat_producer | Sent → patient_id=15 heart_rate=80 status=normal partition=0
2026-02-17 14:18:45,103 | INFO | heartbeat_producer | Sent → patient_id=12 heart_rate=83 status=normal partition=0
2026-02-17 14:18:46,469 | INFO | heartbeat_producer | Sent → patient_id=16 heart_rate=72 status=normal partition=0
2026-02-17 14:18:47,322 | INFO | heartbeat_producer | Sent → patient_id=4 heart_rate=83 status=normal partition=0
2026-02-17 14:18:48,543 | INFO | heartbeat_producer | Sent → patient_id=22 heart_rate=93 status=normal partition=0
2026-02-17 14:18:49,138 | INFO | heartbeat_producer | Sent → patient_id=3 heart_rate=75 status=normal partition=0
2026-02-17 14:18:50,270 | INFO | heartbeat_producer | Sent → patient_id=13 heart_rate=50 status=bradycardia partition=0
2026-02-17 14:18:51,692 | INFO | heartbeat_producer | Sent → patient_id=14 heart_rate=90 status=normal partition=0
2026-02-17 14:18:52,319 | INFO | heartbeat_producer | Sent → patient_id=12 heart_rate=72 status=normal partition=0
2026-02-17 14:18:52,915 | INFO | heartbeat_producer | Sent → patient_id=14 heart_rate=84 status=normal partition=0
2026-02-17 14:18:53,780 | INFO | heartbeat_producer | Sent → patient_id=14 heart_rate=94 status=normal partition=0
2026-02-17 14:18:54,414 | INFO | heartbeat_producer | Sent → patient_id=3 heart_rate=78 status=normal partition=0
2026-02-17 14:18:54,989 | INFO | heartbeat_producer | Sent → patient_id=8 heart_rate=61 status=normal partition=0
2026-02-17 14:18:56,235 | INFO | heartbeat_producer | Sent → patient_id=19 heart_rate=76 status=normal partition=0
2026-02-17 14:18:57,312 | INFO | heartbeat_producer | Sent → patient_id=23 heart_rate=98 status=normal partition=0
2026-02-17 14:18:58,223 | INFO | heartbeat_producer | Sent → patient_id=17 heart_rate=44 status=bradycardia partition=0
2026-02-17 14:18:59,575 | INFO | heartbeat_producer | Sent → patient_id=22 heart_rate=152 status=tachycardia partition=0
2026-02-17 14:19:00,688 | INFO | heartbeat_producer | Sent → patient_id=22 heart_rate=63 status=normal partition=0
2026-02-17 14:19:01,817 | INFO | heartbeat_producer | Sent → patient_id=1 heart_rate=76 status=normal partition=0
2026-02-17 14:19:02,683 | INFO | heartbeat_producer | Sent → patient_id=14 heart_rate=68 status=normal partition=0
2026-02-17 14:19:03,582 | INFO | heartbeat_producer | Sent → patient_id=16 heart_rate=63 status=normal partition=0
2026-02-17 14:19:05,051 | INFO | heartbeat_producer | Sent → patient_id=23 heart_rate=83 status=normal partition=0
2026-02-17 14:19:06,321 | INFO | heartbeat_producer | Sent → patient_id=11 heart_rate=89 status=normal partition=0
2026-02-17 14:19:07,057 | INFO | heartbeat_producer | Sent → patient_id=25 heart_rate=78 status=normal partition=0
2026-02-17 14:19:07,799 | INFO | heartbeat_producer | Sent → patient_id=16 heart_rate=92 status=normal partition=0
2026-02-17 14:19:09,316 | INFO | heartbeat_producer | Sent → patient_id=19 heart_rate=65 status=normal partition=0
2026-02-17 14:19:10,795 | INFO | heartbeat_producer | Sent → patient_id=9 heart_rate=61 status=normal partition=0
2026-02-17 14:19:11,363 | INFO | heartbeat_producer | Sent → patient_id=5 heart_rate=98 status=normal partition=0
2026-02-17 14:19:12,352 | INFO | heartbeat_producer | Sent → patient_id=15 heart_rate=90 status=normal partition=0
2026-02-17 14:19:13,332 | INFO | heartbeat_producer | Sent → patient_id=10 heart_rate=63 status=normal partition=0
2026-02-17 14:19:14,246 | INFO | heartbeat_producer | Sent → patient_id=25 heart_rate=96 status=normal partition=0
2026-02-17 14:19:15,308 | INFO | heartbeat_producer | Sent → patient_id=18 heart_rate=88 status=normal partition=0
2026-02-17 14:19:15,909 | INFO | heartbeat_producer | Sent → patient_id=19 heart_rate=90 status=normal partition=0
2026-02-17 14:19:16,473 | INFO | heartbeat_producer | Sent → patient_id=1 heart_rate=90 status=normal partition=0
2026-02-17 14:19:17,424 | INFO | heartbeat_producer | Sent → patient_id=4 heart_rate=93 status=normal partition=0
2026-02-17 14:19:18,386 | INFO | heartbeat_producer | Sent → patient_id=20 heart_rate=67 status=normal partition=0
2026-02-17 14:19:19,685 | INFO | heartbeat_producer | Sent → patient_id=5 heart_rate=84 status=normal partition=0
2026-02-17 14:19:20,756 | INFO | heartbeat_producer | Sent → patient_id=20 heart_rate=84 status=normal partition=0
2026-02-17 14:19:22,256 | INFO | heartbeat_producer | Sent → patient_id=20 heart_rate=91 status=normal partition=0
2026-02-17 14:19:23,116 | INFO | heartbeat_producer | Sent → patient_id=22 heart_rate=73 status=normal partition=0
2026-02-17 14:19:23,851 | INFO | heartbeat_producer | Sent → patient_id=14 heart_rate=95 status=normal partition=0
2026-02-17 14:19:25,041 | INFO | heartbeat_producer | Sent → patient_id=23 heart_rate=70 status=normal partition=0
2026-02-17 14:19:25,905 | INFO | heartbeat_producer | Sent → patient_id=25 heart_rate=67 status=normal partition=0
2026-02-17 14:19:27,135 | INFO | heartbeat_producer | Sent → patient_id=18 heart_rate=85 status=normal partition=0
2026-02-17 14:19:28,095 | INFO | heartbeat_producer | Sent → patient_id=7 heart_rate=87 status=normal partition=0
2026-02-17 14:19:29,205 | INFO | heartbeat_producer | Sent → patient_id=23 heart_rate=73 status=normal partition=0
2026-02-17 14:19:30,374 | INFO | heartbeat_producer | Sent → patient_id=4 heart_rate=92 status=normal partition=0
2026-02-17 14:19:30,945 | INFO | heartbeat_producer | Sent → patient_id=23 heart_rate=82 status=normal partition=0
2026-02-17 14:19:31,715 | INFO | heartbeat_producer | Sent → patient_id=6 heart_rate=67 status=normal partition=0
2026-02-17 14:19:32,950 | INFO | heartbeat_producer | Sent → patient_id=21 heart_rate=65 status=normal partition=0
2026-02-17 14:19:33,670 | INFO | heartbeat_producer | Sent → patient_id=1 heart_rate=90 status=normal partition=0
2026-02-17 14:19:35,020 | INFO | heartbeat_producer | Sent → patient_id=24 heart_rate=75 status=normal partition=0
2026-02-17 14:19:36,215 | INFO | heartbeat_producer | Sent → patient_id=15 heart_rate=98 status=normal partition=0
2026-02-17 14:19:37,397 | INFO | heartbeat_producer | Sent → patient_id=19 heart_rate=136 status=tachycardia partition=0
2026-02-17 14:19:38,760 | INFO | heartbeat_producer | Sent → patient_id=18 heart_rate=99 status=normal partition=0
2026-02-17 14:19:40,233 | INFO | heartbeat_producer | Sent → patient_id=12 heart_rate=77 status=normal partition=0
2026-02-17 14:19:40,780 | INFO | heartbeat_producer | Sent → patient_id=20 heart_rate=86 status=normal partition=0
2026-02-17 14:19:42,192 | INFO | heartbeat_producer | Sent → patient_id=7 heart_rate=76 status=normal partition=0
2026-02-17 14:19:43,627 | INFO | heartbeat_producer | Sent → patient_id=16 heart_rate=76 status=normal partition=0
2026-02-17 14:19:44,178 | INFO | heartbeat_producer | Sent → patient_id=18 heart_rate=85 status=normal partition=0
2026-02-17 14:19:44,954 | INFO | heartbeat_producer | Sent → patient_id=8 heart_rate=81 status=normal partition=0
2026-02-17 14:19:46,232 | INFO | heartbeat_producer | Sent → patient_id=5 heart_rate=65 status=normal partition=0
2026-02-17 14:19:47,474 | INFO | heartbeat_producer | Sent → patient_id=20 heart_rate=94 status=normal partition=0
2026-02-17 14:19:48,165 | INFO | heartbeat_producer | Sent → patient_id=21 heart_rate=82 status=normal partition=0
2026-02-17 14:19:49,605 | INFO | heartbeat_producer | Sent → patient_id=10 heart_rate=88 status=normal partition=0
2026-02-17 14:19:50,609 | INFO | heartbeat_producer | Sent → patient_id=5 heart_rate=84 status=normal partition=0
2026-02-17 14:19:51,463 | INFO | heartbeat_producer | Sent → patient_id=4 heart_rate=62 status=normal partition=0
2026-02-17 14:19:52,190 | INFO | heartbeat_producer | Sent → patient_id=20 heart_rate=64 status=normal partition=0
2026-02-17 14:19:53,500 | INFO | heartbeat_producer | Sent → patient_id=16 heart_rate=96 status=normal partition=0
2026-02-17 14:19:54,834 | INFO | heartbeat_producer | Sent → patient_id=1 heart_rate=90 status=normal partition=0
2026-02-17 14:19:55,517 | INFO | heartbeat_producer | Sent → patient_id=5 heart_rate=94 status=normal partition=0
2026-02-17 14:19:56,841 | INFO | heartbeat_producer | Sent → patient_id=18 heart_rate=75 status=normal partition=0
2026-02-17 14:19:57,992 | INFO | heartbeat_producer | Sent → patient_id=21 heart_rate=99 status=normal partition=0
2026-02-17 14:19:59,188 | INFO | heartbeat_producer | Sent → patient_id=24 heart_rate=74 status=normal partition=0
2026-02-17 14:20:00,668 | INFO | heartbeat_producer | Sent → patient_id=6 heart_rate=61 status=normal partition=0
2026-02-17 14:20:01,195 | INFO | heartbeat_producer | Sent → patient_id=4 heart_rate=96 status=normal partition=0
2026-02-17 14:20:02,518 | INFO | heartbeat_producer | Sent → patient_id=10 heart_rate=66 status=normal partition=0
2026-02-17 14:20:03,641 | INFO | heartbeat_producer | Sent → patient_id=11 heart_rate=99 status=normal partition=0
2026-02-17 14:20:04,565 | INFO | heartbeat_producer | Sent → patient_id=2 heart_rate=89 status=normal partition=0
2026-02-17 14:20:05,164 | INFO | heartbeat_producer | Sent → patient_id=6 heart_rate=74 status=normal partition=0
2026-02-17 14:20:06,190 | INFO | heartbeat_producer | Sent → patient_id=1 heart_rate=81 status=normal partition=0
2026-02-17 14:20:07,131 | INFO | heartbeat_producer | Sent → patient_id=25 heart_rate=77 status=normal partition=0
2026-02-17 14:20:07,671 | INFO | heartbeat_producer | Sent → patient_id=11 heart_rate=73 status=normal partition=0
2026-02-17 14:20:08,259 | INFO | heartbeat_producer | Sent → patient_id=4 heart_rate=67 status=normal partition=0
2026-02-17 14:20:08,930 | INFO | heartbeat_producer | Sent → patient_id=6 heart_rate=83 status=normal partition=0
2026-02-17 14:20:09,656 | INFO | heartbeat_producer | Sent → patient_id=10 heart_rate=80 status=normal partition=0
2026-02-17 14:20:10,279 | INFO | heartbeat_producer | Sent → patient_id=22 heart_rate=154 status=tachycardia partition=0
2026-02-17 14:20:10,925 | INFO | heartbeat_producer | Sent → patient_id=17 heart_rate=91 status=normal partition=0
2026-02-17 14:20:11,955 | INFO | heartbeat_producer | Sent → patient_id=12 heart_rate=91 status=normal partition=0
2026-02-17 14:20:12,748 | INFO | heartbeat_producer | Sent → patient_id=21 heart_rate=93 status=normal partition=0
2026-02-17 14:20:14,010 | INFO | heartbeat_producer | Sent → patient_id=22 heart_rate=93 status=normal partition=0
2026-02-17 14:20:15,112 | INFO | heartbeat_producer | Sent → patient_id=1 heart_rate=74 status=normal partition=0
2026-02-17 14:20:15,851 | INFO | heartbeat_producer | Sent → patient_id=11 heart_rate=89 status=normal partition=0
2026-02-17 14:20:17,324 | INFO | heartbeat_producer | Sent → patient_id=3 heart_rate=67 status=normal partition=0
2026-02-17 14:20:17,877 | INFO | heartbeat_producer | Sent → patient_id=3 heart_rate=99 status=normal partition=0
2026-02-17 14:20:18,736 | INFO | heartbeat_producer | Sent → patient_id=24 heart_rate=78 status=normal partition=0
2026-02-17 14:20:20,220 | INFO | heartbeat_producer | Sent → patient_id=21 heart_rate=71 status=normal partition=0
2026-02-17 14:20:21,499 | INFO | heartbeat_producer | Sent → patient_id=18 heart_rate=126 status=tachycardia partition=0
2026-02-17 14:20:22,277 | INFO | heartbeat_producer | Sent → patient_id=17 heart_rate=65 status=normal partition=0
2026-02-17 14:20:23,572 | INFO | heartbeat_producer | Sent → patient_id=21 heart_rate=86 status=normal partition=0
2026-02-17 14:20:24,491 | INFO | heartbeat_producer | Sent → patient_id=9 heart_rate=94 status=normal partition=0
2026-02-17 14:20:25,381 | INFO | heartbeat_producer | Sent → patient_id=12 heart_rate=80 status=normal partition=0
2026-02-17 14:20:26,531 | INFO | heartbeat_producer | Sent → patient_id=8 heart_rate=79 status=normal partition=0
2026-02-17 14:20:27,796 | INFO | heartbeat_producer | Sent → patient_id=18 heart_rate=50 status=bradycardia partition=0
2026-02-17 14:20:28,891 | INFO | heartbeat_producer | Sent → patient_id=11 heart_rate=92 status=normal partition=0
2026-02-17 14:20:29,431 | INFO | heartbeat_producer | Sent → patient_id=19 heart_rate=63 status=normal partition=0
2026-02-17 14:20:30,667 | INFO | heartbeat_producer | Sent → patient_id=10 heart_rate=89 status=normal partition=0
2026-02-17 14:20:31,664 | INFO | heartbeat_producer | Sent → patient_id=6 heart_rate=66 status=normal partition=0
2026-02-17 14:20:32,185 | INFO | heartbeat_producer | Sent → patient_id=4 heart_rate=98 status=normal partition=0
2026-02-17 14:20:32,846 | INFO | heartbeat_producer | Sent → patient_id=9 heart_rate=68 status=normal partition=0
2026-02-17 14:20:33,974 | INFO | heartbeat_producer | Sent → patient_id=16 heart_rate=63 status=normal partition=0
2026-02-17 14:20:35,190 | INFO | heartbeat_producer | Sent → patient_id=22 heart_rate=88 status=normal partition=0
2026-02-17 14:20:35,919 | INFO | heartbeat_producer | Sent → patient_id=17 heart_rate=99 status=normal partition=0
2026-02-17 14:20:36,598 | INFO | heartbeat_producer | Sent → patient_id=1 heart_rate=134 status=tachycardia partition=0
2026-02-17 14:20:37,860 | INFO | heartbeat_producer | Sent → patient_id=21 heart_rate=68 status=normal partition=0
2026-02-17 14:20:38,562 | INFO | heartbeat_producer | Sent → patient_id=17 heart_rate=97 status=normal partition=0
2026-02-17 14:20:39,566 | INFO | heartbeat_producer | Sent → patient_id=13 heart_rate=69 status=normal partition=0
2026-02-17 14:20:40,466 | INFO | heartbeat_producer | Sent → patient_id=9 heart_rate=85 status=normal partition=0
2026-02-17 14:20:41,221 | INFO | heartbeat_producer | Sent → patient_id=21 heart_rate=80 status=normal partition=0
2026-02-17 14:20:42,569 | INFO | heartbeat_producer | Sent → patient_id=17 heart_rate=80 status=normal partition=0
2026-02-17 14:20:43,380 | INFO | heartbeat_producer | Sent → patient_id=18 heart_rate=89 status=normal partition=0
2026-02-17 14:20:44,358 | INFO | heartbeat_producer | Sent → patient_id=18 heart_rate=72 status=normal partition=0
2026-02-17 14:20:45,106 | INFO | heartbeat_producer | Sent → patient_id=21 heart_rate=90 status=normal partition=0
2026-02-17 14:20:45,724 | INFO | heartbeat_producer | Sent → patient_id=4 heart_rate=97 status=normal partition=0
2026-02-17 14:20:46,457 | INFO | heartbeat_producer | Sent → patient_id=6 heart_rate=84 status=normal partition=0
2026-02-17 14:20:47,587 | INFO | heartbeat_producer | Sent → patient_id=8 heart_rate=71 status=normal partition=0
2026-02-17 14:20:48,305 | INFO | heartbeat_producer | Sent → patient_id=6 heart_rate=78 status=normal partition=0
2026-02-17 14:20:49,552 | INFO | heartbeat_producer | Sent → patient_id=11 heart_rate=47 status=bradycardia partition=0
2026-02-17 14:20:50,691 | INFO | heartbeat_producer | Sent → patient_id=18 heart_rate=70 status=normal partition=0
2026-02-17 14:20:52,139 | INFO | heartbeat_producer | Sent → patient_id=9 heart_rate=84 status=normal partition=0
2026-02-17 14:20:53,172 | INFO | heartbeat_producer | Sent → patient_id=11 heart_rate=68 status=normal partition=0
2026-02-17 14:20:54,213 | INFO | heartbeat_producer | Sent → patient_id=23 heart_rate=87 status=normal partition=0
2026-02-17 14:20:55,604 | INFO | heartbeat_producer | Sent → patient_id=23 heart_rate=93 status=normal partition=0
2026-02-17 14:20:56,609 | INFO | heartbeat_producer | Sent → patient_id=23 heart_rate=64 status=normal partition=0
2026-02-17 14:20:57,394 | INFO | heartbeat_producer | Sent → patient_id=19 heart_rate=84 status=normal partition=0
2026-02-17 14:20:58,572 | INFO | heartbeat_producer | Sent → patient_id=17 heart_rate=86 status=normal partition=0
2026-02-17 14:20:59,486 | INFO | heartbeat_producer | Sent → patient_id=14 heart_rate=78 status=normal partition=0
2026-02-17 14:21:00,459 | INFO | heartbeat_producer | Sent → patient_id=11 heart_rate=95 status=normal partition=0
2026-02-17 14:21:01,289 | INFO | heartbeat_producer | Sent → patient_id=25 heart_rate=84 status=normal partition=0
2026-02-17 14:21:01,817 | INFO | heartbeat_producer | Sent → patient_id=5 heart_rate=136 status=tachycardia partition=0
2026-02-17 14:21:02,478 | INFO | heartbeat_producer | Sent → patient_id=6 heart_rate=60 status=normal partition=0
2026-02-17 14:21:03,237 | INFO | heartbeat_producer | Sent → patient_id=7 heart_rate=91 status=normal partition=0
2026-02-17 14:21:04,317 | INFO | heartbeat_producer | Sent → patient_id=25 heart_rate=80 status=normal partition=0
2026-02-17 14:21:05,086 | INFO | heartbeat_producer | Sent → patient_id=20 heart_rate=89 status=normal partition=0
2026-02-17 14:21:05,920 | INFO | heartbeat_producer | Sent → patient_id=17 heart_rate=67 status=normal partition=0
2026-02-17 14:21:07,250 | INFO | heartbeat_producer | Sent → patient_id=10 heart_rate=62 status=normal partition=0
2026-02-17 14:21:08,387 | INFO | heartbeat_producer | Sent → patient_id=10 heart_rate=83 status=normal partition=0
2026-02-17 14:21:09,597 | INFO | heartbeat_producer | Sent → patient_id=11 heart_rate=90 status=normal partition=0
2026-02-17 14:21:10,335 | INFO | heartbeat_producer | Sent → patient_id=11 heart_rate=83 status=normal partition=0
2026-02-17 14:21:11,136 | INFO | heartbeat_producer | Sent → patient_id=9 heart_rate=81 status=normal partition=0
2026-02-17 14:21:11,728 | INFO | heartbeat_producer | Sent → patient_id=18 heart_rate=139 status=tachycardia partition=0
2026-02-17 14:21:13,239 | INFO | heartbeat_producer | Sent → patient_id=1 heart_rate=97 status=normal partition=0
2026-02-17 14:21:14,740 | INFO | heartbeat_producer | Sent → patient_id=13 heart_rate=79 status=normal partition=0
2026-02-17 14:21:15,398 | INFO | heartbeat_producer | Sent → patient_id=23 heart_rate=92 status=normal partition=0
2026-02-17 14:21:16,115 | INFO | heartbeat_producer | Sent → patient_id=24 heart_rate=86 status=normal partition=0
2026-02-17 14:21:16,855 | INFO | heartbeat_producer | Sent → patient_id=24 heart_rate=74 status=normal partition=0
2026-02-17 14:21:17,574 | INFO | heartbeat_producer | Sent → patient_id=11 heart_rate=62 status=normal partition=0
2026-02-17 14:21:18,195 | INFO | heartbeat_producer | Sent → patient_id=6 heart_rate=98 status=normal partition=0
2026-02-17 14:21:19,637 | INFO | heartbeat_producer | Sent → patient_id=19 heart_rate=61 status=normal partition=0
2026-02-17 14:21:20,783 | INFO | heartbeat_producer | Sent → patient_id=4 heart_rate=68 status=normal partition=0
2026-02-17 14:21:21,623 | INFO | heartbeat_producer | Sent → patient_id=8 heart_rate=95 status=normal partition=0
2026-02-17 14:21:22,828 | INFO | heartbeat_producer | Sent → patient_id=3 heart_rate=66 status=normal partition=0
2026-02-17 14:21:23,433 | INFO | heartbeat_producer | Sent → patient_id=21 heart_rate=100 status=normal partition=0
2026-02-17 14:21:24,233 | INFO | heartbeat_producer | Sent → patient_id=12 heart_rate=82 status=normal partition=0
2026-02-17 14:21:25,543 | INFO | heartbeat_producer | Sent → patient_id=13 heart_rate=86 status=normal partition=0
2026-02-17 14:21:27,050 | INFO | heartbeat_producer | Sent → patient_id=19 heart_rate=60 status=normal partition=0
2026-02-17 14:21:27,939 | INFO | heartbeat_producer | Sent → patient_id=13 heart_rate=75 status=normal partition=0
2026-02-17 14:21:28,527 | INFO | heartbeat_producer | Sent → patient_id=11 heart_rate=74 status=normal partition=0
2026-02-17 14:21:30,040 | INFO | heartbeat_producer | Sent → patient_id=8 heart_rate=77 status=normal partition=0
2026-02-17 14:21:31,064 | INFO | heartbeat_producer | Sent → patient_id=18 heart_rate=80 status=normal partition=0
2026-02-17 14:21:31,857 | INFO | heartbeat_producer | Sent → patient_id=17 heart_rate=136 status=tachycardia partition=0
2026-02-17 14:21:32,614 | INFO | heartbeat_producer | Sent → patient_id=18 heart_rate=68 status=normal partition=0
2026-02-17 14:21:33,508 | INFO | heartbeat_producer | Sent → patient_id=10 heart_rate=73 status=normal partition=0
2026-02-17 14:21:34,481 | INFO | heartbeat_producer | Sent → patient_id=12 heart_rate=61 status=normal partition=0
2026-02-17 14:21:35,576 | INFO | heartbeat_producer | Sent → patient_id=3 heart_rate=100 status=normal partition=0
2026-02-17 14:21:36,603 | INFO | heartbeat_producer | Sent → patient_id=16 heart_rate=86 status=normal partition=0
2026-02-17 14:21:37,842 | INFO | heartbeat_producer | Sent → patient_id=21 heart_rate=71 status=normal partition=0
2026-02-17 14:21:38,846 | INFO | heartbeat_producer | Sent → patient_id=13 heart_rate=62 status=normal partition=0
2026-02-17 14:21:39,809 | INFO | heartbeat_producer | Sent → patient_id=6 heart_rate=69 status=normal partition=0
2026-02-17 14:21:40,456 | INFO | heartbeat_producer | Sent → patient_id=18 heart_rate=68 status=normal partition=0
2026-02-17 14:21:41,757 | INFO | heartbeat_producer | Sent → patient_id=16 heart_rate=69 status=normal partition=0
2026-02-17 14:21:43,037 | INFO | heartbeat_producer | Sent → patient_id=22 heart_rate=76 status=normal partition=0
2026-02-17 14:21:43,615 | INFO | heartbeat_producer | Sent → patient_id=18 heart_rate=70 status=normal partition=0
2026-02-17 14:21:44,476 | INFO | heartbeat_producer | Sent → patient_id=18 heart_rate=61 status=normal partition=0
2026-02-17 14:21:45,543 | INFO | heartbeat_producer | Sent → patient_id=13 heart_rate=71 status=normal partition=0
2026-02-17 14:21:46,909 | INFO | heartbeat_producer | Sent → patient_id=20 heart_rate=87 status=normal partition=0
2026-02-17 14:21:47,846 | INFO | heartbeat_producer | Sent → patient_id=9 heart_rate=63 status=normal partition=0
2026-02-17 14:21:48,521 | INFO | heartbeat_producer | Sent → patient_id=2 heart_rate=98 status=normal partition=0
2026-02-17 14:21:49,254 | INFO | heartbeat_producer | Sent → patient_id=4 heart_rate=43 status=bradycardia partition=0
2026-02-17 14:21:50,651 | INFO | heartbeat_producer | Sent → patient_id=4 heart_rate=90 status=normal partition=0
2026-02-17 14:21:51,258 | INFO | heartbeat_producer | Sent → patient_id=17 heart_rate=70 status=normal partition=0
2026-02-17 14:21:51,819 | INFO | heartbeat_producer | Sent → patient_id=17 heart_rate=88 status=normal partition=0
2026-02-17 14:21:52,967 | INFO | heartbeat_producer | Sent → patient_id=11 heart_rate=79 status=normal partition=0
2026-02-17 14:21:54,251 | INFO | heartbeat_producer | Sent → patient_id=11 heart_rate=92 status=normal partition=0
2026-02-17 14:21:55,574 | INFO | heartbeat_producer | Sent → patient_id=9 heart_rate=96 status=normal partition=0
2026-02-17 14:21:56,694 | INFO | heartbeat_producer | Sent → patient_id=1 heart_rate=67 status=normal partition=0
2026-02-17 14:21:58,168 | INFO | heartbeat_producer | Sent → patient_id=18 heart_rate=81 status=normal partition=0
2026-02-17 14:21:59,545 | INFO | heartbeat_producer | Sent → patient_id=8 heart_rate=66 status=normal partition=0
2026-02-17 14:22:01,009 | INFO | heartbeat_producer | Sent → patient_id=11 heart_rate=100 status=normal partition=0
2026-02-17 14:22:02,082 | INFO | heartbeat_producer | Sent → patient_id=21 heart_rate=63 status=normal partition=0
2026-02-17 14:22:02,971 | INFO | heartbeat_producer | Sent → patient_id=17 heart_rate=93 status=normal partition=0
2026-02-17 14:22:04,303 | INFO | heartbeat_producer | Sent → patient_id=9 heart_rate=100 status=normal partition=0
2026-02-17 14:22:05,112 | INFO | heartbeat_producer | Sent → patient_id=12 heart_rate=68 status=normal partition=0
2026-02-17 14:22:06,229 | INFO | heartbeat_producer | Sent → patient_id=2 heart_rate=63 status=normal partition=0
2026-02-17 14:22:07,074 | INFO | heartbeat_producer | Sent → patient_id=18 heart_rate=93 status=normal partition=0
2026-02-17 14:22:08,009 | INFO | heartbeat_producer | Sent → patient_id=7 heart_rate=60 status=normal partition=0
2026-02-17 14:22:09,124 | INFO | heartbeat_producer | Sent → patient_id=6 heart_rate=84 status=normal partition=0
2026-02-17 14:22:09,753 | INFO | heartbeat_producer | Sent → patient_id=5 heart_rate=65 status=normal partition=0
2026-02-17 14:22:10,730 | INFO | heartbeat_producer | Sent → patient_id=7 heart_rate=70 status=normal partition=0
2026-02-17 14:22:11,776 | INFO | heartbeat_producer | Sent → patient_id=8 heart_rate=92 status=normal partition=0
2026-02-17 14:22:12,548 | INFO | heartbeat_producer | Sent → patient_id=10 heart_rate=93 status=normal partition=0
2026-02-17 14:22:13,780 | INFO | heartbeat_producer | Sent → patient_id=2 heart_rate=64 status=normal partition=0
2026-02-17 14:22:14,538 | INFO | heartbeat_producer | Sent → patient_id=25 heart_rate=60 status=normal partition=0
2026-02-17 14:22:15,587 | INFO | heartbeat_producer | Sent → patient_id=24 heart_rate=67 status=normal partition=0
2026-02-17 14:22:16,210 | INFO | heartbeat_producer | Sent → patient_id=10 heart_rate=100 status=normal partition=0
2026-02-17 14:22:16,899 | INFO | heartbeat_producer | Sent → patient_id=12 heart_rate=76 status=normal partition=0
2026-02-17 14:22:17,589 | INFO | heartbeat_producer | Sent → patient_id=1 heart_rate=91 status=normal partition=0
2026-02-17 14:22:18,655 | INFO | heartbeat_producer | Sent → patient_id=20 heart_rate=85 status=normal partition=0
2026-02-17 14:22:19,387 | INFO | heartbeat_producer | Sent → patient_id=22 heart_rate=67 status=normal partition=0
2026-02-17 14:22:20,326 | INFO | heartbeat_producer | Sent → patient_id=2 heart_rate=74 status=normal partition=0
2026-02-17 14:22:21,412 | INFO | heartbeat_producer | Sent → patient_id=10 heart_rate=87 status=normal partition=0
2026-02-17 14:22:22,790 | INFO | heartbeat_producer | Sent → patient_id=22 heart_rate=64 status=normal partition=0
2026-02-17 14:22:24,276 | INFO | heartbeat_producer | Sent → patient_id=10 heart_rate=49 status=bradycardia partition=0
2026-02-17 14:22:25,183 | INFO | heartbeat_producer | Sent → patient_id=4 heart_rate=81 status=normal partition=0
2026-02-17 14:22:25,752 | INFO | heartbeat_producer | Sent → patient_id=21 heart_rate=88 status=normal partition=0
2026-02-17 14:22:27,146 | INFO | heartbeat_producer | Sent → patient_id=5 heart_rate=69 status=normal partition=0
2026-02-17 14:22:27,678 | INFO | heartbeat_producer | Sent → patient_id=17 heart_rate=89 status=normal partition=0
2026-02-17 14:22:28,218 | INFO | heartbeat_producer | Sent → patient_id=6 heart_rate=77 status=normal partition=0
2026-02-17 14:22:29,453 | INFO | heartbeat_producer | Sent → patient_id=18 heart_rate=85 status=normal partition=0
2026-02-17 14:22:30,813 | INFO | heartbeat_producer | Sent → patient_id=1 heart_rate=75 status=normal partition=0
2026-02-17 14:22:31,776 | INFO | heartbeat_producer | Sent → patient_id=15 heart_rate=93 status=normal partition=0
2026-02-17 14:22:32,516 | INFO | heartbeat_producer | Sent → patient_id=9 heart_rate=90 status=normal partition=0
2026-02-17 14:22:33,663 | INFO | heartbeat_producer | Sent → patient_id=2 heart_rate=91 status=normal partition=0
2026-02-17 14:22:34,271 | INFO | heartbeat_producer | Sent → patient_id=25 heart_rate=97 status=normal partition=0
2026-02-17 14:22:35,608 | INFO | heartbeat_producer | Sent → patient_id=21 heart_rate=87 status=normal partition=0
2026-02-17 14:22:36,977 | INFO | heartbeat_producer | Sent → patient_id=22 heart_rate=93 status=normal partition=0
2026-02-17 14:22:38,430 | INFO | heartbeat_producer | Sent → patient_id=2 heart_rate=85 status=normal partition=0
2026-02-17 14:22:39,753 | INFO | heartbeat_producer | Sent → patient_id=19 heart_rate=80 status=normal partition=0
2026-02-17 14:22:41,055 | INFO | heartbeat_producer | Sent → patient_id=22 heart_rate=76 status=normal partition=0
2026-02-17 14:22:41,643 | INFO | heartbeat_producer | Sent → patient_id=1 heart_rate=143 status=tachycardia partition=0
2026-02-17 14:22:43,094 | INFO | heartbeat_producer | Sent → patient_id=22 heart_rate=61 status=normal partition=0
2026-02-17 14:22:44,047 | INFO | heartbeat_producer | Sent → patient_id=20 heart_rate=72 status=normal partition=0
2026-02-17 14:22:45,024 | INFO | heartbeat_producer | Sent → patient_id=19 heart_rate=94 status=normal partition=0
2026-02-17 14:22:45,933 | INFO | heartbeat_producer | Sent → patient_id=25 heart_rate=85 status=normal partition=0
2026-02-17 14:22:46,684 | INFO | heartbeat_producer | Sent → patient_id=24 heart_rate=88 status=normal partition=0
2026-02-17 14:22:47,886 | INFO | heartbeat_producer | Sent → patient_id=7 heart_rate=88 status=normal partition=0
2026-02-17 14:22:49,232 | INFO | heartbeat_producer | Sent → patient_id=2 heart_rate=81 status=normal partition=0
2026-02-17 14:22:50,541 | INFO | heartbeat_producer | Sent → patient_id=2 heart_rate=82 status=normal partition=0
2026-02-17 14:22:51,257 | INFO | heartbeat_producer | Sent → patient_id=2 heart_rate=77 status=normal partition=0
2026-02-17 14:22:52,037 | INFO | heartbeat_producer | Sent → patient_id=3 heart_rate=71 status=normal partition=0
2026-02-17 14:22:53,096 | INFO | heartbeat_producer | Sent → patient_id=12 heart_rate=95 status=normal partition=0
2026-02-17 14:22:53,815 | INFO | heartbeat_producer | Sent → patient_id=7 heart_rate=86 status=normal partition=0
2026-02-17 14:22:54,914 | INFO | heartbeat_producer | Sent → patient_id=8 heart_rate=68 status=normal partition=0
2026-02-17 14:22:56,184 | INFO | heartbeat_producer | Sent → patient_id=22 heart_rate=70 status=normal partition=0
2026-02-17 14:22:57,070 | INFO | heartbeat_producer | Sent → patient_id=9 heart_rate=77 status=normal partition=0
2026-02-17 14:22:57,744 | INFO | heartbeat_producer | Sent → patient_id=16 heart_rate=66 status=normal partition=0
2026-02-17 14:22:58,581 | INFO | heartbeat_producer | Sent → patient_id=16 heart_rate=93 status=normal partition=0
2026-02-17 14:22:59,146 | INFO | heartbeat_producer | Sent → patient_id=22 heart_rate=62 status=normal partition=0
2026-02-17 14:23:00,496 | INFO | heartbeat_producer | Sent → patient_id=22 heart_rate=122 status=tachycardia partition=0
2026-02-17 14:23:01,705 | INFO | heartbeat_producer | Sent → patient_id=13 heart_rate=66 status=normal partition=0
2026-02-17 14:23:03,136 | INFO | heartbeat_producer | Sent → patient_id=15 heart_rate=66 status=normal partition=0
2026-02-17 14:23:03,898 | INFO | heartbeat_producer | Sent → patient_id=2 heart_rate=83 status=normal partition=0
2026-02-17 14:23:04,499 | INFO | heartbeat_producer | Sent → patient_id=23 heart_rate=79 status=normal partition=0
2026-02-17 14:23:05,109 | INFO | heartbeat_producer | Sent → patient_id=10 heart_rate=71 status=normal partition=0
2026-02-17 14:23:05,824 | INFO | heartbeat_producer | Sent → patient_id=16 heart_rate=99 status=normal partition=0
2026-02-17 14:23:06,780 | INFO | heartbeat_producer | Sent → patient_id=10 heart_rate=80 status=normal partition=0
2026-02-17 14:23:07,371 | INFO | heartbeat_producer | Sent → patient_id=15 heart_rate=64 status=normal partition=0
2026-02-17 14:23:08,543 | INFO | heartbeat_producer | Sent → patient_id=21 heart_rate=92 status=normal partition=0
2026-02-17 14:23:09,712 | INFO | heartbeat_producer | Sent → patient_id=4 heart_rate=96 status=normal partition=0
2026-02-17 14:23:10,446 | INFO | heartbeat_producer | Sent → patient_id=21 heart_rate=60 status=normal partition=0
2026-02-17 14:23:11,747 | INFO | heartbeat_producer | Sent → patient_id=6 heart_rate=82 status=normal partition=0
2026-02-17 14:23:12,529 | INFO | heartbeat_producer | Sent → patient_id=9 heart_rate=86 status=normal partition=0
2026-02-17 14:23:13,932 | INFO | heartbeat_producer | Sent → patient_id=23 heart_rate=94 status=normal partition=0
2026-02-17 14:23:15,288 | INFO | heartbeat_producer | Sent → patient_id=24 heart_rate=100 status=normal partition=0
2026-02-17 14:23:15,873 | INFO | heartbeat_producer | Sent → patient_id=22 heart_rate=71 status=normal partition=0
2026-02-17 14:23:16,419 | INFO | heartbeat_producer | Sent → patient_id=21 heart_rate=144 status=tachycardia partition=0
2026-02-17 14:23:17,789 | INFO | heartbeat_producer | Sent → patient_id=17 heart_rate=76 status=normal partition=0
2026-02-17 14:23:18,700 | INFO | heartbeat_producer | Sent → patient_id=11 heart_rate=81 status=normal partition=0
2026-02-17 14:23:19,402 | INFO | heartbeat_producer | Sent → patient_id=14 heart_rate=87 status=normal partition=0
2026-02-17 14:23:20,147 | INFO | heartbeat_producer | Sent → patient_id=21 heart_rate=77 status=normal partition=0
2026-02-17 14:23:21,336 | INFO | heartbeat_producer | Sent → patient_id=11 heart_rate=126 status=tachycardia partition=0
2026-02-17 14:23:22,740 | INFO | heartbeat_producer | Sent → patient_id=15 heart_rate=88 status=normal partition=0
2026-02-17 14:23:23,859 | INFO | heartbeat_producer | Sent → patient_id=7 heart_rate=76 status=normal partition=0
2026-02-17 14:23:25,044 | INFO | heartbeat_producer | Sent → patient_id=17 heart_rate=71 status=normal partition=0
2026-02-17 14:23:25,629 | INFO | heartbeat_producer | Sent → patient_id=4 heart_rate=67 status=normal partition=0
2026-02-17 14:23:26,919 | INFO | heartbeat_producer | Sent → patient_id=20 heart_rate=91 status=normal partition=0
2026-02-17 14:23:27,645 | INFO | heartbeat_producer | Sent → patient_id=13 heart_rate=60 status=normal partition=0
2026-02-17 14:23:29,098 | INFO | heartbeat_producer | Sent → patient_id=6 heart_rate=96 status=normal partition=0
2026-02-17 14:23:30,214 | INFO | heartbeat_producer | Sent → patient_id=10 heart_rate=92 status=normal partition=0
2026-02-17 14:23:31,584 | INFO | heartbeat_producer | Sent → patient_id=21 heart_rate=93 status=normal partition=0
2026-02-17 14:23:32,169 | INFO | heartbeat_producer | Sent → patient_id=10 heart_rate=99 status=normal partition=0
2026-02-17 14:23:33,213 | INFO | heartbeat_producer | Sent → patient_id=2 heart_rate=87 status=normal partition=0
2026-02-17 14:23:34,173 | INFO | heartbeat_producer | Sent → patient_id=7 heart_rate=75 status=normal partition=0
2026-02-17 14:23:35,553 | INFO | heartbeat_producer | Sent → patient_id=11 heart_rate=85 status=normal partition=0
2026-02-17 14:23:36,869 | INFO | heartbeat_producer | Sent → patient_id=23 heart_rate=65 status=normal partition=0
2026-02-17 14:23:37,990 | INFO | heartbeat_producer | Sent → patient_id=24 heart_rate=63 status=normal partition=0
2026-02-17 14:23:39,506 | INFO | heartbeat_producer | Sent → patient_id=6 heart_rate=86 status=normal partition=0
2026-02-17 14:23:40,931 | INFO | heartbeat_producer | Sent → patient_id=11 heart_rate=66 status=normal partition=0
2026-02-17 14:23:42,130 | INFO | heartbeat_producer | Sent → patient_id=14 heart_rate=61 status=normal partition=0
2026-02-17 14:23:43,536 | INFO | heartbeat_producer | Sent → patient_id=12 heart_rate=48 status=bradycardia partition=0
2026-02-17 14:23:44,946 | INFO | heartbeat_producer | Sent → patient_id=19 heart_rate=75 status=normal partition=0
2026-02-17 14:23:46,105 | INFO | heartbeat_producer | Sent → patient_id=6 heart_rate=90 status=normal partition=0
2026-02-17 14:23:46,810 | INFO | heartbeat_producer | Sent → patient_id=2 heart_rate=91 status=normal partition=0
2026-02-17 14:23:48,242 | INFO | heartbeat_producer | Sent → patient_id=16 heart_rate=67 status=normal partition=0
2026-02-17 14:23:49,554 | INFO | heartbeat_producer | Sent → patient_id=16 heart_rate=87 status=normal partition=0
2026-02-17 14:23:50,101 | INFO | heartbeat_producer | Sent → patient_id=23 heart_rate=83 status=normal partition=0
2026-02-17 14:23:50,790 | INFO | heartbeat_producer | Sent → patient_id=17 heart_rate=78 status=normal partition=0
2026-02-17 14:23:51,944 | INFO | heartbeat_producer | Sent → patient_id=1 heart_rate=77 status=normal partition=0
2026-02-17 14:23:52,990 | INFO | heartbeat_producer | Sent → patient_id=5 heart_rate=61 status=normal partition=0
2026-02-17 14:23:53,549 | INFO | heartbeat_producer | Sent → patient_id=14 heart_rate=86 status=normal partition=0
2026-02-17 14:23:54,241 | INFO | heartbeat_producer | Sent → patient_id=12 heart_rate=75 status=normal partition=0
2026-02-17 14:23:54,810 | INFO | heartbeat_producer | Sent → patient_id=1 heart_rate=71 status=normal partition=0
2026-02-17 14:23:56,191 | INFO | heartbeat_producer | Sent → patient_id=15 heart_rate=66 status=normal partition=0
2026-02-17 14:23:56,777 | INFO | heartbeat_producer | Sent → patient_id=8 heart_rate=65 status=normal partition=0
2026-02-17 14:23:58,099 | INFO | heartbeat_producer | Sent → patient_id=9 heart_rate=63 status=normal partition=0
2026-02-17 14:23:59,486 | INFO | heartbeat_producer | Sent → patient_id=4 heart_rate=61 status=normal partition=0
2026-02-17 14:24:00,716 | INFO | heartbeat_producer | Sent → patient_id=16 heart_rate=68 status=normal partition=0
2026-02-17 14:24:01,712 | INFO | heartbeat_producer | Sent → patient_id=23 heart_rate=85 status=normal partition=0
2026-02-17 14:24:02,228 | INFO | heartbeat_producer | Sent → patient_id=10 heart_rate=62 status=normal partition=0
2026-02-17 14:24:02,944 | INFO | heartbeat_producer | Sent → patient_id=18 heart_rate=70 status=normal partition=0
2026-02-17 14:24:04,148 | INFO | heartbeat_producer | Sent → patient_id=16 heart_rate=84 status=normal partition=0
2026-02-17 14:24:05,323 | INFO | heartbeat_producer | Sent → patient_id=6 heart_rate=67 status=normal partition=0
2026-02-17 14:24:06,443 | INFO | heartbeat_producer | Sent → patient_id=3 heart_rate=83 status=normal partition=0
2026-02-17 14:24:07,112 | INFO | heartbeat_producer | Sent → patient_id=12 heart_rate=77 status=normal partition=0
2026-02-17 14:24:07,961 | INFO | heartbeat_producer | Sent → patient_id=12 heart_rate=63 status=normal partition=0
2026-02-17 14:24:08,627 | INFO | heartbeat_producer | Sent → patient_id=1 heart_rate=96 status=normal partition=0
2026-02-17 14:24:09,488 | INFO | heartbeat_producer | Sent → patient_id=1 heart_rate=85 status=normal partition=0
2026-02-17 14:24:10,293 | INFO | heartbeat_producer | Sent → patient_id=1 heart_rate=66 status=normal partition=0
2026-02-17 14:24:11,037 | INFO | heartbeat_producer | Sent → patient_id=5 heart_rate=65 status=normal partition=0
2026-02-17 14:24:11,906 | INFO | heartbeat_producer | Sent → patient_id=22 heart_rate=64 status=normal partition=0
2026-02-17 14:24:12,772 | INFO | heartbeat_producer | Sent → patient_id=6 heart_rate=70 status=normal partition=0
2026-02-17 14:24:13,525 | INFO | heartbeat_producer | Sent → patient_id=12 heart_rate=84 status=normal partition=0
2026-02-17 14:24:14,679 | INFO | heartbeat_producer | Sent → patient_id=11 heart_rate=91 status=normal partition=0
2026-02-17 14:24:15,963 | INFO | heartbeat_producer | Sent → patient_id=21 heart_rate=91 status=normal partition=0
2026-02-17 14:24:17,404 | INFO | heartbeat_producer | Sent → patient_id=14 heart_rate=93 status=normal partition=0
2026-02-17 14:24:18,342 | INFO | heartbeat_producer | Sent → patient_id=24 heart_rate=49 status=bradycardia partition=0
2026-02-17 14:24:18,937 | INFO | heartbeat_producer | Sent → patient_id=13 heart_rate=87 status=normal partition=0
2026-02-17 14:24:20,057 | INFO | heartbeat_producer | Sent → patient_id=24 heart_rate=95 status=normal partition=0
2026-02-17 14:24:21,105 | INFO | heartbeat_producer | Sent → patient_id=11 heart_rate=61 status=normal partition=0
2026-02-17 14:24:22,164 | INFO | heartbeat_producer | Sent → patient_id=5 heart_rate=70 status=normal partition=0
2026-02-17 14:24:23,554 | INFO | heartbeat_producer | Sent → patient_id=13 heart_rate=72 status=normal partition=0
2026-02-17 14:24:24,691 | INFO | heartbeat_producer | Sent → patient_id=18 heart_rate=89 status=normal partition=0
2026-02-17 14:24:25,441 | INFO | heartbeat_producer | Sent → patient_id=7 heart_rate=85 status=normal partition=0
2026-02-17 14:24:26,721 | INFO | heartbeat_producer | Sent → patient_id=5 heart_rate=92 status=normal partition=0
2026-02-17 14:24:27,815 | INFO | heartbeat_producer | Sent → patient_id=21 heart_rate=70 status=normal partition=0
2026-02-17 14:24:29,166 | INFO | heartbeat_producer | Sent → patient_id=2 heart_rate=71 status=normal partition=0
2026-02-17 14:24:30,437 | INFO | heartbeat_producer | Sent → patient_id=7 heart_rate=97 status=normal partition=0
2026-02-17 14:24:31,429 | INFO | heartbeat_producer | Sent → patient_id=7 heart_rate=76 status=normal partition=0
2026-02-17 14:24:32,910 | INFO | heartbeat_producer | Sent → patient_id=16 heart_rate=70 status=normal partition=0
2026-02-17 14:24:33,755 | INFO | heartbeat_producer | Sent → patient_id=13 heart_rate=95 status=normal partition=0
2026-02-17 14:24:34,938 | INFO | heartbeat_producer | Sent → patient_id=14 heart_rate=76 status=normal partition=0
2026-02-17 14:24:35,515 | INFO | heartbeat_producer | Sent → patient_id=21 heart_rate=81 status=normal partition=0
2026-02-17 14:24:36,560 | INFO | heartbeat_producer | Sent → patient_id=24 heart_rate=60 status=normal partition=0
2026-02-17 14:24:37,744 | INFO | heartbeat_producer | Sent → patient_id=7 heart_rate=89 status=normal partition=0
2026-02-17 14:24:38,425 | INFO | heartbeat_producer | Sent → patient_id=25 heart_rate=60 status=normal partition=0
2026-02-17 14:24:39,165 | INFO | heartbeat_producer | Sent → patient_id=12 heart_rate=94 status=normal partition=0
2026-02-17 14:24:39,687 | INFO | heartbeat_producer | Sent → patient_id=24 heart_rate=96 status=normal partition=0
2026-02-17 14:24:40,593 | INFO | heartbeat_producer | Sent → patient_id=14 heart_rate=96 status=normal partition=0
2026-02-17 14:24:41,560 | INFO | heartbeat_producer | Sent → patient_id=16 heart_rate=85 status=normal partition=0
2026-02-17 14:24:42,407 | INFO | heartbeat_producer | Sent → patient_id=2 heart_rate=94 status=normal partition=0
2026-02-17 14:24:43,024 | INFO | heartbeat_producer | Sent → patient_id=2 heart_rate=60 status=normal partition=0
2026-02-17 14:24:43,949 | INFO | heartbeat_producer | Sent → patient_id=23 heart_rate=94 status=normal partition=0
2026-02-17 14:24:44,876 | INFO | heartbeat_producer | Sent → patient_id=10 heart_rate=96 status=normal partition=0
2026-02-17 14:24:46,288 | INFO | heartbeat_producer | Sent → patient_id=25 heart_rate=78 status=normal partition=0
2026-02-17 14:24:47,763 | INFO | heartbeat_producer | Sent → patient_id=22 heart_rate=88 status=normal partition=0
2026-02-17 14:24:49,184 | INFO | heartbeat_producer | Sent → patient_id=13 heart_rate=44 status=bradycardia partition=0
2026-02-17 14:24:50,387 | INFO | heartbeat_producer | Sent → patient_id=4 heart_rate=60 status=normal partition=0
2026-02-17 14:24:51,004 | INFO | heartbeat_producer | Sent → patient_id=2 heart_rate=69 status=normal partition=0
2026-02-17 14:24:52,377 | INFO | heartbeat_producer | Sent → patient_id=20 heart_rate=64 status=normal partition=0
2026-02-17 14:24:53,547 | INFO | heartbeat_producer | Sent → patient_id=10 heart_rate=68 status=normal partition=0
2026-02-17 14:24:54,926 | INFO | heartbeat_producer | Sent → patient_id=21 heart_rate=71 status=normal partition=0
2026-02-17 14:24:55,710 | INFO | heartbeat_producer | Sent → patient_id=5 heart_rate=149 status=tachycardia partition=0
2026-02-17 14:24:56,915 | INFO | heartbeat_producer | Sent → patient_id=3 heart_rate=83 status=normal partition=0
2026-02-17 14:24:57,743 | INFO | heartbeat_producer | Sent → patient_id=13 heart_rate=79 status=normal partition=0
2026-02-17 14:24:59,116 | INFO | heartbeat_producer | Sent → patient_id=5 heart_rate=60 status=normal partition=0
2026-02-17 14:25:00,118 | INFO | heartbeat_producer | Sent → patient_id=16 heart_rate=85 status=normal partition=0
2026-02-17 14:25:01,437 | INFO | heartbeat_producer | Sent → patient_id=11 heart_rate=99 status=normal partition=0
2026-02-17 14:25:02,320 | INFO | heartbeat_producer | Sent → patient_id=24 heart_rate=77 status=normal partition=0
2026-02-17 14:25:03,187 | INFO | heartbeat_producer | Sent → patient_id=14 heart_rate=91 status=normal partition=0
2026-02-17 14:25:03,890 | INFO | heartbeat_producer | Sent → patient_id=4 heart_rate=74 status=normal partition=0
2026-02-17 14:25:05,198 | INFO | heartbeat_producer | Sent → patient_id=15 heart_rate=98 status=normal partition=0
2026-02-17 14:25:06,127 | INFO | heartbeat_producer | Sent → patient_id=1 heart_rate=98 status=normal partition=0
2026-02-17 14:25:07,127 | INFO | heartbeat_producer | Sent → patient_id=8 heart_rate=94 status=normal partition=0
2026-02-17 14:25:08,016 | INFO | heartbeat_producer | Sent → patient_id=3 heart_rate=95 status=normal partition=0
2026-02-17 14:25:09,082 | INFO | heartbeat_producer | Sent → patient_id=19 heart_rate=88 status=normal partition=0
2026-02-17 14:25:09,936 | INFO | heartbeat_producer | Sent → patient_id=5 heart_rate=82 status=normal partition=0
2026-02-17 14:25:10,516 | INFO | heartbeat_producer | Sent → patient_id=1 heart_rate=93 status=normal partition=0
2026-02-17 14:25:11,555 | INFO | heartbeat_producer | Sent → patient_id=4 heart_rate=100 status=normal partition=0
2026-02-17 14:25:12,581 | INFO | heartbeat_producer | Sent → patient_id=7 heart_rate=90 status=normal partition=0
2026-02-17 14:25:13,177 | INFO | heartbeat_producer | Sent → patient_id=25 heart_rate=87 status=normal partition=0
2026-02-17 14:25:14,002 | INFO | heartbeat_producer | Sent → patient_id=4 heart_rate=75 status=normal partition=0
2026-02-17 14:25:14,596 | INFO | heartbeat_producer | Sent → patient_id=4 heart_rate=70 status=normal partition=0
2026-02-17 14:25:15,754 | INFO | heartbeat_producer | Sent → patient_id=19 heart_rate=81 status=normal partition=0
2026-02-17 14:25:16,475 | INFO | heartbeat_producer | Sent → patient_id=24 heart_rate=61 status=normal partition=0
2026-02-17 14:25:17,622 | INFO | heartbeat_producer | Sent → patient_id=23 heart_rate=85 status=normal partition=0
2026-02-17 14:25:18,805 | INFO | heartbeat_producer | Sent → patient_id=7 heart_rate=145 status=tachycardia partition=0
2026-02-17 14:25:19,958 | INFO | heartbeat_producer | Sent → patient_id=21 heart_rate=74 status=normal partition=0
2026-02-17 14:25:20,709 | INFO | heartbeat_producer | Sent → patient_id=3 heart_rate=81 status=normal partition=0
2026-02-17 14:25:21,978 | INFO | heartbeat_producer | Sent → patient_id=15 heart_rate=89 status=normal partition=0
2026-02-17 14:25:22,929 | INFO | heartbeat_producer | Sent → patient_id=10 heart_rate=72 status=normal partition=0
2026-02-17 14:25:23,927 | INFO | heartbeat_producer | Sent → patient_id=6 heart_rate=68 status=normal partition=0
2026-02-17 14:25:25,184 | INFO | heartbeat_producer | Sent → patient_id=6 heart_rate=68 status=normal partition=0
2026-02-17 14:25:25,787 | INFO | heartbeat_producer | Sent → patient_id=25 heart_rate=88 status=normal partition=0
2026-02-17 14:25:26,706 | INFO | heartbeat_producer | Sent → patient_id=4 heart_rate=74 status=normal partition=0
2026-02-17 14:25:27,925 | INFO | heartbeat_producer | Sent → patient_id=4 heart_rate=84 status=normal partition=0
2026-02-17 14:25:28,744 | INFO | heartbeat_producer | Sent → patient_id=19 heart_rate=84 status=normal partition=0
2026-02-17 14:25:30,107 | INFO | heartbeat_producer | Sent → patient_id=9 heart_rate=66 status=normal partition=0
2026-02-17 14:25:31,398 | INFO | heartbeat_producer | Sent → patient_id=8 heart_rate=98 status=normal partition=0
2026-02-17 14:25:32,083 | INFO | heartbeat_producer | Sent → patient_id=23 heart_rate=78 status=normal partition=0
2026-02-17 14:25:33,413 | INFO | heartbeat_producer | Sent → patient_id=9 heart_rate=61 status=normal partition=0
2026-02-17 14:25:34,874 | INFO | heartbeat_producer | Sent → patient_id=23 heart_rate=85 status=normal partition=0
2026-02-17 14:25:35,646 | INFO | heartbeat_producer | Sent → patient_id=3 heart_rate=88 status=normal partition=0
2026-02-17 14:25:36,798 | INFO | heartbeat_producer | Sent → patient_id=18 heart_rate=141 status=tachycardia partition=0
2026-02-17 14:25:37,843 | INFO | heartbeat_producer | Sent → patient_id=24 heart_rate=93 status=normal partition=0
2026-02-17 14:25:38,600 | INFO | heartbeat_producer | Sent → patient_id=4 heart_rate=77 status=normal partition=0
2026-02-17 14:25:39,332 | INFO | heartbeat_producer | Sent → patient_id=19 heart_rate=84 status=normal partition=0
2026-02-17 14:25:40,061 | INFO | heartbeat_producer | Sent → patient_id=13 heart_rate=93 status=normal partition=0
2026-02-17 14:25:40,768 | INFO | heartbeat_producer | Sent → patient_id=12 heart_rate=78 status=normal partition=0
2026-02-17 14:25:41,313 | INFO | heartbeat_producer | Sent → patient_id=19 heart_rate=100 status=normal partition=0
2026-02-17 14:25:42,411 | INFO | heartbeat_producer | Sent → patient_id=4 heart_rate=68 status=normal partition=0
2026-02-17 14:25:42,977 | INFO | heartbeat_producer | Sent → patient_id=13 heart_rate=45 status=bradycardia partition=0
2026-02-17 14:25:43,949 | INFO | heartbeat_producer | Sent → patient_id=21 heart_rate=90 status=normal partition=0
2026-02-17 14:25:45,357 | INFO | heartbeat_producer | Sent → patient_id=6 heart_rate=62 status=normal partition=0
2026-02-17 14:25:46,742 | INFO | heartbeat_producer | Sent → patient_id=20 heart_rate=42 status=bradycardia partition=0
2026-02-17 14:25:47,348 | INFO | heartbeat_producer | Sent → patient_id=16 heart_rate=96 status=normal partition=0
2026-02-17 14:25:48,387 | INFO | heartbeat_producer | Sent → patient_id=15 heart_rate=74 status=normal partition=0
2026-02-17 14:25:49,869 | INFO | heartbeat_producer | Sent → patient_id=14 heart_rate=79 status=normal partition=0
2026-02-17 14:25:51,066 | INFO | heartbeat_producer | Sent → patient_id=6 heart_rate=73 status=normal partition=0
2026-02-17 14:25:52,467 | INFO | heartbeat_producer | Sent → patient_id=4 heart_rate=74 status=normal partition=0
2026-02-17 14:25:53,159 | INFO | heartbeat_producer | Sent → patient_id=18 heart_rate=74 status=normal partition=0
2026-02-17 14:25:54,342 | INFO | heartbeat_producer | Sent → patient_id=23 heart_rate=38 status=bradycardia partition=0
2026-02-17 14:25:55,294 | INFO | heartbeat_producer | Sent → patient_id=17 heart_rate=61 status=normal partition=0
2026-02-17 14:25:56,016 | INFO | heartbeat_producer | Sent → patient_id=11 heart_rate=70 status=normal partition=0
2026-02-17 14:25:56,944 | INFO | heartbeat_producer | Sent → patient_id=2 heart_rate=66 status=normal partition=0
2026-02-17 14:25:57,959 | INFO | heartbeat_producer | Sent → patient_id=6 heart_rate=95 status=normal partition=0
2026-02-17 14:25:59,001 | INFO | heartbeat_producer | Sent → patient_id=20 heart_rate=71 status=normal partition=0
2026-02-17 14:25:59,882 | INFO | heartbeat_producer | Sent → patient_id=17 heart_rate=81 status=normal partition=0
2026-02-17 14:26:00,810 | INFO | heartbeat_producer | Sent → patient_id=4 heart_rate=79 status=normal partition=0
2026-02-17 14:26:01,698 | INFO | heartbeat_producer | Sent → patient_id=22 heart_rate=71 status=normal partition=0
2026-02-17 14:26:02,958 | INFO | heartbeat_producer | Sent → patient_id=1 heart_rate=63 status=normal partition=0
2026-02-17 14:26:04,027 | INFO | heartbeat_producer | Sent → patient_id=20 heart_rate=65 status=normal partition=0
2026-02-17 14:26:04,685 | INFO | heartbeat_producer | Sent → patient_id=2 heart_rate=88 status=normal partition=0
2026-02-17 14:26:05,580 | INFO | heartbeat_producer | Sent → patient_id=15 heart_rate=69 status=normal partition=0
2026-02-17 14:26:06,859 | INFO | heartbeat_producer | Sent → patient_id=2 heart_rate=68 status=normal partition=0
2026-02-17 14:26:07,797 | INFO | heartbeat_producer | Sent → patient_id=5 heart_rate=68 status=normal partition=0
2026-02-17 14:26:08,902 | INFO | heartbeat_producer | Sent → patient_id=7 heart_rate=79 status=normal partition=0
2026-02-17 14:26:09,760 | INFO | heartbeat_producer | Sent → patient_id=23 heart_rate=82 status=normal partition=0
2026-02-17 14:26:10,525 | INFO | heartbeat_producer | Sent → patient_id=9 heart_rate=98 status=normal partition=0
2026-02-17 14:26:11,663 | INFO | heartbeat_producer | Sent → patient_id=23 heart_rate=60 status=normal partition=0
2026-02-17 14:26:12,365 | INFO | heartbeat_producer | Sent → patient_id=4 heart_rate=81 status=normal partition=0
2026-02-17 14:26:13,469 | INFO | heartbeat_producer | Sent → patient_id=2 heart_rate=66 status=normal partition=0
2026-02-17 14:26:14,370 | INFO | heartbeat_producer | Sent → patient_id=10 heart_rate=78 status=normal partition=0
2026-02-17 14:26:15,416 | INFO | heartbeat_producer | Sent → patient_id=16 heart_rate=83 status=normal partition=0
2026-02-17 14:26:16,881 | INFO | heartbeat_producer | Sent → patient_id=8 heart_rate=78 status=normal partition=0
2026-02-17 14:26:17,638 | INFO | heartbeat_producer | Sent → patient_id=25 heart_rate=94 status=normal partition=0
2026-02-17 14:26:18,736 | INFO | heartbeat_producer | Sent → patient_id=25 heart_rate=74 status=normal partition=0
2026-02-17 14:26:19,341 | INFO | heartbeat_producer | Sent → patient_id=24 heart_rate=87 status=normal partition=0
2026-02-17 14:26:20,025 | INFO | heartbeat_producer | Sent → patient_id=13 heart_rate=70 status=normal partition=0
2026-02-17 14:26:20,994 | INFO | heartbeat_producer | Sent → patient_id=2 heart_rate=72 status=normal partition=0
2026-02-17 14:26:22,002 | INFO | heartbeat_producer | Sent → patient_id=6 heart_rate=62 status=normal partition=0
2026-02-17 14:26:22,968 | INFO | heartbeat_producer | Sent → patient_id=6 heart_rate=67 status=normal partition=0
2026-02-17 14:26:24,286 | INFO | heartbeat_producer | Sent → patient_id=8 heart_rate=79 status=normal partition=0
2026-02-17 14:26:25,484 | INFO | heartbeat_producer | Sent → patient_id=22 heart_rate=75 status=normal partition=0
2026-02-17 14:26:26,753 | INFO | heartbeat_producer | Sent → patient_id=13 heart_rate=46 status=bradycardia partition=0
2026-02-17 14:26:27,727 | INFO | heartbeat_producer | Sent → patient_id=10 heart_rate=64 status=normal partition=0
2026-02-17 14:26:28,652 | INFO | heartbeat_producer | Sent → patient_id=25 heart_rate=84 status=normal partition=0
2026-02-17 14:26:30,125 | INFO | heartbeat_producer | Sent → patient_id=22 heart_rate=70 status=normal partition=0
2026-02-17 14:26:31,424 | INFO | heartbeat_producer | Sent → patient_id=17 heart_rate=84 status=normal partition=0
2026-02-17 14:26:32,417 | INFO | heartbeat_producer | Sent → patient_id=20 heart_rate=91 status=normal partition=0
2026-02-17 14:26:33,550 | INFO | heartbeat_producer | Sent → patient_id=23 heart_rate=90 status=normal partition=0
2026-02-17 14:26:34,205 | INFO | heartbeat_producer | Sent → patient_id=8 heart_rate=75 status=normal partition=0
2026-02-17 14:26:34,989 | INFO | heartbeat_producer | Sent → patient_id=25 heart_rate=64 status=normal partition=0
2026-02-17 14:26:35,537 | INFO | heartbeat_producer | Sent → patient_id=3 heart_rate=80 status=normal partition=0
2026-02-17 14:26:36,275 | INFO | heartbeat_producer | Sent → patient_id=9 heart_rate=76 status=normal partition=0
2026-02-17 14:26:37,654 | INFO | heartbeat_producer | Sent → patient_id=5 heart_rate=94 status=normal partition=0
2026-02-17 14:26:38,528 | INFO | heartbeat_producer | Sent → patient_id=14 heart_rate=86 status=normal partition=0
2026-02-17 14:26:39,873 | INFO | heartbeat_producer | Sent → patient_id=25 heart_rate=95 status=normal partition=0
2026-02-17 14:26:41,249 | INFO | heartbeat_producer | Sent → patient_id=4 heart_rate=71 status=normal partition=0
2026-02-17 14:26:41,816 | INFO | heartbeat_producer | Sent → patient_id=4 heart_rate=89 status=normal partition=0
2026-02-17 14:26:42,609 | INFO | heartbeat_producer | Sent → patient_id=7 heart_rate=79 status=normal partition=0
2026-02-17 14:26:43,391 | INFO | heartbeat_producer | Sent → patient_id=20 heart_rate=79 status=normal partition=0
2026-02-17 14:26:44,420 | INFO | heartbeat_producer | Sent → patient_id=14 heart_rate=66 status=normal partition=0
2026-02-17 14:26:45,681 | INFO | heartbeat_producer | Sent → patient_id=4 heart_rate=94 status=normal partition=0
2026-02-17 14:26:46,927 | INFO | heartbeat_producer | Sent → patient_id=22 heart_rate=90 status=normal partition=0
2026-02-17 14:26:48,362 | INFO | heartbeat_producer | Sent → patient_id=13 heart_rate=79 status=normal partition=0
2026-02-17 14:26:49,513 | INFO | heartbeat_producer | Sent → patient_id=3 heart_rate=84 status=normal partition=0
2026-02-17 14:26:50,629 | INFO | heartbeat_producer | Sent → patient_id=5 heart_rate=87 status=normal partition=0
2026-02-17 14:26:51,734 | INFO | heartbeat_producer | Sent → patient_id=21 heart_rate=97 status=normal partition=0
2026-02-17 14:26:52,898 | INFO | heartbeat_producer | Sent → patient_id=6 heart_rate=86 status=normal partition=0
2026-02-17 14:26:54,254 | INFO | heartbeat_producer | Sent → patient_id=24 heart_rate=75 status=normal partition=0
2026-02-17 14:26:55,405 | INFO | heartbeat_producer | Sent → patient_id=25 heart_rate=66 status=normal partition=0
2026-02-17 14:26:56,454 | INFO | heartbeat_producer | Sent → patient_id=21 heart_rate=74 status=normal partition=0
2026-02-17 14:26:57,553 | INFO | heartbeat_producer | Sent → patient_id=24 heart_rate=72 status=normal partition=0
2026-02-17 14:26:58,123 | INFO | heartbeat_producer | Sent → patient_id=20 heart_rate=83 status=normal partition=0
2026-02-17 14:26:58,875 | INFO | heartbeat_producer | Sent → patient_id=18 heart_rate=75 status=normal partition=0
2026-02-17 14:27:00,375 | INFO | heartbeat_producer | Sent → patient_id=3 heart_rate=82 status=normal partition=0
2026-02-17 14:27:01,409 | INFO | heartbeat_producer | Sent → patient_id=18 heart_rate=71 status=normal partition=0
2026-02-17 14:27:02,756 | INFO | heartbeat_producer | Sent → patient_id=21 heart_rate=61 status=normal partition=0
2026-02-17 14:27:03,532 | INFO | heartbeat_producer | Sent → patient_id=16 heart_rate=93 status=normal partition=0
2026-02-17 14:27:04,374 | INFO | heartbeat_producer | Sent → patient_id=7 heart_rate=100 status=normal partition=0
2026-02-17 14:27:05,210 | INFO | heartbeat_producer | Sent → patient_id=1 heart_rate=89 status=normal partition=0
2026-02-17 14:27:06,447 | INFO | heartbeat_producer | Sent → patient_id=23 heart_rate=82 status=normal partition=0
2026-02-17 14:27:07,581 | INFO | heartbeat_producer | Sent → patient_id=1 heart_rate=71 status=normal partition=0
2026-02-17 14:27:08,658 | INFO | heartbeat_producer | Sent → patient_id=15 heart_rate=77 status=normal partition=0
2026-02-17 14:27:09,421 | INFO | heartbeat_producer | Sent → patient_id=17 heart_rate=67 status=normal partition=0
2026-02-17 14:27:10,666 | INFO | heartbeat_producer | Sent → patient_id=9 heart_rate=79 status=normal partition=0
2026-02-17 14:27:11,946 | INFO | heartbeat_producer | Sent → patient_id=24 heart_rate=84 status=normal partition=0
2026-02-17 14:27:12,657 | INFO | heartbeat_producer | Sent → patient_id=24 heart_rate=62 status=normal partition=0
2026-02-17 14:27:13,839 | INFO | heartbeat_producer | Sent → patient_id=15 heart_rate=72 status=normal partition=0
2026-02-17 14:27:14,786 | INFO | heartbeat_producer | Sent → patient_id=13 heart_rate=68 status=normal partition=0
2026-02-17 14:27:16,171 | INFO | heartbeat_producer | Sent → patient_id=9 heart_rate=73 status=normal partition=0
2026-02-17 14:27:17,681 | INFO | heartbeat_producer | Sent → patient_id=14 heart_rate=81 status=normal partition=0
2026-02-17 14:27:18,905 | INFO | heartbeat_producer | Sent → patient_id=16 heart_rate=95 status=normal partition=0
2026-02-17 14:27:19,569 | INFO | heartbeat_producer | Sent → patient_id=6 heart_rate=86 status=normal partition=0
2026-02-17 14:27:20,165 | INFO | heartbeat_producer | Sent → patient_id=16 heart_rate=94 status=normal partition=0
2026-02-17 14:27:21,635 | INFO | heartbeat_producer | Sent → patient_id=17 heart_rate=86 status=normal partition=0
2026-02-17 14:27:22,702 | INFO | heartbeat_producer | Sent → patient_id=1 heart_rate=89 status=normal partition=0
2026-02-17 14:27:23,917 | INFO | heartbeat_producer | Sent → patient_id=20 heart_rate=94 status=normal partition=0
2026-02-17 14:27:25,389 | INFO | heartbeat_producer | Sent → patient_id=20 heart_rate=87 status=normal partition=0
2026-02-17 14:27:26,496 | INFO | heartbeat_producer | Sent → patient_id=17 heart_rate=83 status=normal partition=0
2026-02-17 14:27:27,514 | INFO | heartbeat_producer | Sent → patient_id=1 heart_rate=65 status=normal partition=0
2026-02-17 14:27:28,326 | INFO | heartbeat_producer | Sent → patient_id=11 heart_rate=64 status=normal partition=0
2026-02-17 14:27:29,038 | INFO | heartbeat_producer | Sent → patient_id=25 heart_rate=97 status=normal partition=0
2026-02-17 14:27:30,018 | INFO | heartbeat_producer | Sent → patient_id=12 heart_rate=67 status=normal partition=0
2026-02-17 14:27:31,393 | INFO | heartbeat_producer | Sent → patient_id=1 heart_rate=90 status=normal partition=0
2026-02-17 14:27:32,069 | INFO | heartbeat_producer | Sent → patient_id=8 heart_rate=88 status=normal partition=0
2026-02-17 14:27:33,136 | INFO | heartbeat_producer | Sent → patient_id=3 heart_rate=81 status=normal partition=0
2026-02-17 14:27:34,372 | INFO | heartbeat_producer | Sent → patient_id=25 heart_rate=35 status=bradycardia partition=0
2026-02-17 14:27:35,351 | INFO | heartbeat_producer | Sent → patient_id=4 heart_rate=67 status=normal partition=0
2026-02-17 14:27:36,054 | INFO | heartbeat_producer | Sent → patient_id=13 heart_rate=78 status=normal partition=0
2026-02-17 14:27:37,153 | INFO | heartbeat_producer | Sent → patient_id=21 heart_rate=69 status=normal partition=0
2026-02-17 14:27:37,898 | INFO | heartbeat_producer | Sent → patient_id=15 heart_rate=80 status=normal partition=0
2026-02-17 14:27:39,015 | INFO | heartbeat_producer | Sent → patient_id=15 heart_rate=87 status=normal partition=0
2026-02-17 14:27:40,316 | INFO | heartbeat_producer | Sent → patient_id=21 heart_rate=61 status=normal partition=0
2026-02-17 14:27:40,848 | INFO | heartbeat_producer | Sent → patient_id=15 heart_rate=73 status=normal partition=0
2026-02-17 14:27:42,047 | INFO | heartbeat_producer | Sent → patient_id=21 heart_rate=98 status=normal partition=0
2026-02-17 14:27:42,598 | INFO | heartbeat_producer | Sent → patient_id=11 heart_rate=65 status=normal partition=0
2026-02-17 14:27:44,009 | INFO | heartbeat_producer | Sent → patient_id=2 heart_rate=67 status=normal partition=0
2026-02-17 14:27:45,143 | INFO | heartbeat_producer | Sent → patient_id=4 heart_rate=100 status=normal partition=0
2026-02-17 14:27:46,224 | INFO | heartbeat_producer | Sent → patient_id=2 heart_rate=86 status=normal partition=0
2026-02-17 14:27:47,192 | INFO | heartbeat_producer | Sent → patient_id=19 heart_rate=91 status=normal partition=0
2026-02-17 14:27:48,070 | INFO | heartbeat_producer | Sent → patient_id=19 heart_rate=69 status=normal partition=0
2026-02-17 14:27:49,197 | INFO | heartbeat_producer | Sent → patient_id=25 heart_rate=74 status=normal partition=0
2026-02-17 14:27:49,852 | INFO | heartbeat_producer | Sent → patient_id=15 heart_rate=60 status=normal partition=0
2026-02-17 14:27:50,416 | INFO | heartbeat_producer | Sent → patient_id=7 heart_rate=72 status=normal partition=0
2026-02-17 14:27:51,807 | INFO | heartbeat_producer | Sent → patient_id=15 heart_rate=64 status=normal partition=0
2026-02-17 14:27:53,145 | INFO | heartbeat_producer | Sent → patient_id=20 heart_rate=66 status=normal partition=0
2026-02-17 14:27:53,761 | INFO | heartbeat_producer | Sent → patient_id=2 heart_rate=61 status=normal partition=0
2026-02-17 14:27:54,519 | INFO | heartbeat_producer | Sent → patient_id=21 heart_rate=77 status=normal partition=0
2026-02-17 14:27:55,694 | INFO | heartbeat_producer | Sent → patient_id=7 heart_rate=73 status=normal partition=0
2026-02-17 14:27:56,958 | INFO | heartbeat_producer | Sent → patient_id=20 heart_rate=65 status=normal partition=0
2026-02-17 14:27:58,179 | INFO | heartbeat_producer | Sent → patient_id=15 heart_rate=91 status=normal partition=0
2026-02-17 14:27:59,445 | INFO | heartbeat_producer | Sent → patient_id=5 heart_rate=76 status=normal partition=0
2026-02-17 14:28:00,886 | INFO | heartbeat_producer | Sent → patient_id=9 heart_rate=84 status=normal partition=0
2026-02-17 14:28:01,634 | INFO | heartbeat_producer | Sent → patient_id=22 heart_rate=69 status=normal partition=0
2026-02-17 14:28:02,350 | INFO | heartbeat_producer | Sent → patient_id=1 heart_rate=77 status=normal partition=0
2026-02-17 14:28:03,210 | INFO | heartbeat_producer | Sent → patient_id=8 heart_rate=79 status=normal partition=0
2026-02-17 14:28:04,672 | INFO | heartbeat_producer | Sent → patient_id=5 heart_rate=88 status=normal partition=0
2026-02-17 14:28:05,301 | INFO | heartbeat_producer | Sent → patient_id=8 heart_rate=88 status=normal partition=0
2026-02-17 14:28:06,708 | INFO | heartbeat_producer | Sent → patient_id=9 heart_rate=61 status=normal partition=0
2026-02-17 14:28:07,943 | INFO | heartbeat_producer | Sent → patient_id=2 heart_rate=90 status=normal partition=0
2026-02-17 14:28:09,406 | INFO | heartbeat_producer | Sent → patient_id=16 heart_rate=78 status=normal partition=0
2026-02-17 14:28:09,971 | INFO | heartbeat_producer | Sent → patient_id=24 heart_rate=80 status=normal partition=0
2026-02-17 14:28:10,789 | INFO | heartbeat_producer | Sent → patient_id=19 heart_rate=81 status=normal partition=0
2026-02-17 14:28:12,060 | INFO | heartbeat_producer | Sent → patient_id=6 heart_rate=88 status=normal partition=0
2026-02-17 14:28:13,551 | INFO | heartbeat_producer | Sent → patient_id=12 heart_rate=91 status=normal partition=0
2026-02-17 14:28:14,079 | INFO | heartbeat_producer | Sent → patient_id=19 heart_rate=70 status=normal partition=0
2026-02-17 14:28:15,394 | INFO | heartbeat_producer | Sent → patient_id=15 heart_rate=68 status=normal partition=0
2026-02-17 14:28:16,899 | INFO | heartbeat_producer | Sent → patient_id=25 heart_rate=69 status=normal partition=0
2026-02-17 14:28:18,178 | INFO | heartbeat_producer | Sent → patient_id=20 heart_rate=78 status=normal partition=0
2026-02-17 14:28:19,578 | INFO | heartbeat_producer | Sent → patient_id=23 heart_rate=77 status=normal partition=0
2026-02-17 14:28:20,402 | INFO | heartbeat_producer | Sent → patient_id=3 heart_rate=73 status=normal partition=0
2026-02-17 14:28:21,438 | INFO | heartbeat_producer | Sent → patient_id=22 heart_rate=91 status=normal partition=0
2026-02-17 14:28:22,318 | INFO | heartbeat_producer | Sent → patient_id=13 heart_rate=89 status=normal partition=0
2026-02-17 14:28:23,728 | INFO | heartbeat_producer | Sent → patient_id=8 heart_rate=75 status=normal partition=0
2026-02-17 14:28:24,900 | INFO | heartbeat_producer | Sent → patient_id=8 heart_rate=88 status=normal partition=0
2026-02-17 14:28:26,414 | INFO | heartbeat_producer | Sent → patient_id=20 heart_rate=70 status=normal partition=0
2026-02-17 14:28:26,638 | INFO | heartbeat_producer | Shutdown signal received. Stopping producer...
2026-02-17 14:28:27,549 | INFO | heartbeat_producer | Flushing producer...
2026-02-17 14:28:27,554 | INFO | heartbeat_producer | Producer closed gracefully.
